#
# A fatal error has been detected by the Java Runtime Environment:
#
#  EXCEPTION_ACCESS_VIOLATION (0xc0000005) at pc=0x691bef37, pid=12740, tid=17024
#
# JRE version: Java(TM) SE Runtime Environment (7.0_51-b13) (build 1.7.0_51-b13)
# Java VM: Java HotSpot(TM) Client VM (24.51-b03 mixed mode, sharing windows-x86 )
# Problematic frame:
# C  [atioglxx.dll+0x18ef37]
#
# Failed to write core dump. Minidumps are not enabled by default on client versions of Windows
#
# If you would like to submit a bug report, please visit:
#   http://bugreport.sun.com/bugreport/crash.jsp
# The crash happened outside the Java Virtual Machine in native code.
# See problematic frame for where to report the bug.
#

---------------  T H R E A D  ---------------

Current thread (0x012f0800):  JavaThread "Animation Thread" [_thread_in_native, id=17024, stack(0x07570000,0x075c0000)]

siginfo: ExceptionCode=0xc0000005, reading address 0x6f5bf560

Registers:
EAX=0x5a00005a, EBX=0xffffffff, ECX=0x6a1fb518, EDX=0x001fffff
ESP=0x075bf3a8, EBP=0x075bf6a0, ESI=0x0000000a, EDI=0x6a1fab40
EIP=0x691bef37, EFLAGS=0x00010213

Top of Stack: (sp=0x075bf3a8)
0x075bf3a8:   09feae38 6a1fab40 09feadf0 69f64efd
0x075bf3b8:   00000000 5a00005a 00000001 00000103
0x075bf3c8:   00000000 00000000 ffffafff 075bf650
0x075bf3d8:   00000000 00000000 00000000 07b3ceb8
0x075bf3e8:   07b31b98 07b307d0 00000001 00000000
0x075bf3f8:   ffffffff ffffffff ffffffff ffffffff
0x075bf408:   ffffffff ffffffff ffffffff ffffffff
0x075bf418:   ffffffff ffffffff ffffffff ffffffff 

Instructions: (pc=0x691bef37)
0x691bef17:   d1 21 4c 24 24 8b ce c1 e1 06 83 cb ff 89 44 24
0x691bef27:   14 8d 8c 39 58 07 00 00 3b c3 0f 84 86 01 00 00
0x691bef37:   39 5c 84 50 0f 84 7c 01 00 00 ff 44 24 18 83 fe
0x691bef47:   17 75 08 8b 5c 24 18 4b 89 5f 40 3b 44 24 1c 7e 


Register to memory mapping:

EAX=0x5a00005a is an unknown value
EBX=0xffffffff is an unknown value
ECX=0x6a1fb518 is an unknown value
EDX=0x001fffff is an unknown value
ESP=0x075bf3a8 is pointing into the stack for thread: 0x012f0800
EBP=0x075bf6a0 is pointing into the stack for thread: 0x012f0800
ESI=0x0000000a is an unknown value
EDI=0x6a1fab40 is an unknown value


Stack: [0x07570000,0x075c0000],  sp=0x075bf3a8,  free space=316k
Native frames: (J=compiled Java code, j=interpreted, Vv=VM code, C=native code)
C  [atioglxx.dll+0x18ef37]
C  [atioglxx.dll+0x19e350]
C  [atioglxx.dll+0x82ffdd]
C  [atioglxx.dll+0x83045a]
C  [atioglxx.dll+0x17a436]
C  [atioglxx.dll+0x173c0c]
C  [jogl.dll+0x1bdd]
J  com.sun.opengl.impl.GLImpl.glBegin0(I)V
J  processing.opengl.PGraphicsOpenGL.renderLines(II)V
j  processing.core.PApplet.handleDraw()V+145
j  processing.core.PApplet.run()V+72
j  java.lang.Thread.run()V+11
v  ~StubRoutines::call_stub
V  [jvm.dll+0x13f35a]
V  [jvm.dll+0x202c6e]
V  [jvm.dll+0x13f525]
V  [jvm.dll+0x13f587]
V  [jvm.dll+0xeb81f]
V  [jvm.dll+0x16059c]
V  [jvm.dll+0x160fd7]
V  [jvm.dll+0x1a4b79]
C  [msvcr100.dll+0x5c556]
C  [msvcr100.dll+0x5c600]
C  [kernel32.dll+0x1336a]
C  [ntdll.dll+0x39f72]
C  [ntdll.dll+0x39f45]

Java frames: (J=compiled Java code, j=interpreted, Vv=VM code)
J  com.sun.opengl.impl.GLImpl.glBegin0(I)V
J  processing.opengl.PGraphicsOpenGL.renderLines(II)V
J  processing.core.PGraphics3D.endShape(I)V
J  processing.core.PGraphics.line(FFFF)V
J  processing.core.PApplet.line(FFFF)V
j  MultiWiiConf.draw()V+19347
j  processing.core.PApplet.handleDraw()V+145
j  processing.core.PApplet.run()V+72
j  java.lang.Thread.run()V+11
v  ~StubRoutines::call_stub

---------------  P R O C E S S  ---------------

Java Threads: ( => current thread )
  0x012f0000 JavaThread "Thread-3" [_thread_in_native, id=14384, stack(0x0b000000,0x0b050000)]
  0x012f1400 JavaThread "DestroyJavaVM" [_thread_blocked, id=17188, stack(0x002c0000,0x00310000)]
  0x012f0c00 JavaThread "D3D Screen Updater" daemon [_thread_blocked, id=15268, stack(0x076f0000,0x07740000)]
=>0x012f0800 JavaThread "Animation Thread" [_thread_in_native, id=17024, stack(0x07570000,0x075c0000)]
  0x012ef800 JavaThread "AWT-EventQueue-0" [_thread_blocked, id=16064, stack(0x07750000,0x077a0000)]
  0x012ef400 JavaThread "AWT-Windows" daemon [_thread_in_native, id=16804, stack(0x04b60000,0x04bb0000)]
  0x012eec00 JavaThread "AWT-Shutdown" [_thread_blocked, id=16980, stack(0x00ea0000,0x00ef0000)]
  0x012ee800 JavaThread "Java2D Disposer" daemon [_thread_blocked, id=17052, stack(0x049b0000,0x04a00000)]
  0x009b7800 JavaThread "Service Thread" daemon [_thread_blocked, id=17120, stack(0x01130000,0x01180000)]
  0x009b2000 JavaThread "C1 CompilerThread0" daemon [_thread_blocked, id=15860, stack(0x01060000,0x010b0000)]
  0x009aec00 JavaThread "Attach Listener" daemon [_thread_blocked, id=17272, stack(0x00cf0000,0x00d40000)]
  0x009abc00 JavaThread "Signal Dispatcher" daemon [_thread_blocked, id=15628, stack(0x00fd0000,0x01020000)]
  0x00943400 JavaThread "Finalizer" daemon [_thread_blocked, id=15580, stack(0x00df0000,0x00e40000)]
  0x0093e400 JavaThread "Reference Handler" daemon [_thread_blocked, id=16380, stack(0x00b80000,0x00bd0000)]

Other Threads:
  0x0093cc00 VMThread [stack: 0x00c50000,0x00ca0000] [id=17264]
  0x009d0800 WatcherThread [stack: 0x00480000,0x004d0000] [id=17176]

VM state:not at safepoint (normal execution)

VM Mutex/Monitor currently owned by a thread: None

Heap
 def new generation   total 4928K, used 4032K [0x242c0000, 0x24810000, 0x29810000)
  eden space 4416K,  87% used [0x242c0000, 0x24682da0, 0x24710000)
  from space 512K,  35% used [0x24710000, 0x2473d450, 0x24790000)
  to   space 512K,   0% used [0x24790000, 0x24790000, 0x24810000)
 tenured generation   total 10944K, used 4951K [0x29810000, 0x2a2c0000, 0x342c0000)
   the space 10944K,  45% used [0x29810000, 0x29ce5f20, 0x29ce6000, 0x2a2c0000)
 compacting perm gen  total 12288K, used 3950K [0x342c0000, 0x34ec0000, 0x382c0000)
   the space 12288K,  32% used [0x342c0000, 0x3469b9f0, 0x3469ba00, 0x34ec0000)
    ro space 10240K,  41% used [0x382c0000, 0x386f2050, 0x386f2200, 0x38cc0000)
    rw space 12288K,  52% used [0x38cc0000, 0x39306800, 0x39306800, 0x398c0000)

Card table byte_map: [0x00a80000,0x00b30000] byte_map_base: 0x0095ea00

Polling page: 0x00170000

Code Cache  [0x02810000, 0x02a58000, 0x04810000)
 total_blobs=1413 nmethods=1018 adapters=331 free_code_cache=30460Kb largest_free_block=31190784

Compilation events (10 events):
Event: 95.014 Thread 0x009b2000 1016             processing.core.PVector::set (25 bytes)
Event: 95.014 Thread 0x009b2000 nmethod 1016 0x02a50408 code [0x02a50500, 0x02a505a0]
Event: 95.522 Thread 0x009b2000 1017             java.util.LinkedList::size (5 bytes)
Event: 95.522 Thread 0x009b2000 nmethod 1017 0x02a50608 code [0x02a50700, 0x02a50780]
Event: 95.526 Thread 0x009b2000 1018             controlP5.Controller::setLabel (11 bytes)
Event: 95.526 Thread 0x009b2000 nmethod 1018 0x02a507c8 code [0x02a508c0, 0x02a50960]
Event: 95.572 Thread 0x009b2000 1019             java.util.LinkedList::listIterator (15 bytes)
Event: 95.572 Thread 0x009b2000 nmethod 1019 0x02a50a08 code [0x02a50b30, 0x02a50ce4]
Event: 95.573 Thread 0x009b2000 1020             java.util.LinkedList::node (65 bytes)
Event: 95.573 Thread 0x009b2000 nmethod 1020 0x02a50e48 code [0x02a50f50, 0x02a51030]

GC Heap History (10 events):
Event: 67.527 GC heap before
{Heap before GC invocations=31 (full 0):
 def new generation   total 4928K, used 4792K [0x242c0000, 0x24810000, 0x29810000)
  eden space 4416K, 100% used [0x242c0000, 0x24710000, 0x24710000)
  from space 512K,  73% used [0x24790000, 0x247ee3a0, 0x24810000)
  to   space 512K,   0% used [0x24710000, 0x24710000, 0x24790000)
 tenured generation   total 10944K, used 4755K [0x29810000, 0x2a2c0000, 0x342c0000)
   the space 10944K,  43% used [0x29810000, 0x29cb4fd8, 0x29cb5000, 0x2a2c0000)
 compacting perm gen  total 12288K, used 3950K [0x342c0000, 0x34ec0000, 0x382c0000)
   the space 12288K,  32% used [0x342c0000, 0x3469b900, 0x3469ba00, 0x34ec0000)
    ro space 10240K,  41% used [0x382c0000, 0x386f2050, 0x386f2200, 0x38cc0000)
    rw space 12288K,  52% used [0x38cc0000, 0x39306800, 0x39306800, 0x398c0000)
Event: 67.531 GC heap after
Heap after GC invocations=32 (full 0):
 def new generation   total 4928K, used 179K [0x242c0000, 0x24810000, 0x29810000)
  eden space 4416K,   0% used [0x242c0000, 0x242c0000, 0x24710000)
  from space 512K,  35% used [0x24710000, 0x2473cdc8, 0x24790000)
  to   space 512K,   0% used [0x24790000, 0x24790000, 0x24810000)
 tenured generation   total 10944K, used 4951K [0x29810000, 0x2a2c0000, 0x342c0000)
   the space 10944K,  45% used [0x29810000, 0x29ce5f20, 0x29ce6000, 0x2a2c0000)
 compacting perm gen  total 12288K, used 3950K [0x342c0000, 0x34ec0000, 0x382c0000)
   the space 12288K,  32% used [0x342c0000, 0x3469b900, 0x3469ba00, 0x34ec0000)
    ro space 10240K,  41% used [0x382c0000, 0x386f2050, 0x386f2200, 0x38cc0000)
    rw space 12288K,  52% used [0x38cc0000, 0x39306800, 0x39306800, 0x398c0000)
}
Event: 73.180 GC heap before
{Heap before GC invocations=32 (full 0):
 def new generation   total 4928K, used 4595K [0x242c0000, 0x24810000, 0x29810000)
  eden space 4416K, 100% used [0x242c0000, 0x24710000, 0x24710000)
  from space 512K,  35% used [0x24710000, 0x2473cdc8, 0x24790000)
  to   space 512K,   0% used [0x24790000, 0x24790000, 0x24810000)
 tenured generation   total 10944K, used 4951K [0x29810000, 0x2a2c0000, 0x342c0000)
   the space 10944K,  45% used [0x29810000, 0x29ce5f20, 0x29ce6000, 0x2a2c0000)
 compacting perm gen  total 12288K, used 3950K [0x342c0000, 0x34ec0000, 0x382c0000)
   the space 12288K,  32% used [0x342c0000, 0x3469b910, 0x3469ba00, 0x34ec0000)
    ro space 10240K,  41% used [0x382c0000, 0x386f2050, 0x386f2200, 0x38cc0000)
    rw space 12288K,  52% used [0x38cc0000, 0x39306800, 0x39306800, 0x398c0000)
Event: 73.182 GC heap after
Heap after GC invocations=33 (full 0):
 def new generation   total 4928K, used 178K [0x242c0000, 0x24810000, 0x29810000)
  eden space 4416K,   0% used [0x242c0000, 0x242c0000, 0x24710000)
  from space 512K,  34% used [0x24790000, 0x247bca60, 0x24810000)
  to   space 512K,   0% used [0x24710000, 0x24710000, 0x24790000)
 tenured generation   total 10944K, used 4951K [0x29810000, 0x2a2c0000, 0x342c0000)
   the space 10944K,  45% used [0x29810000, 0x29ce5f20, 0x29ce6000, 0x2a2c0000)
 compacting perm gen  total 12288K, used 3950K [0x342c0000, 0x34ec0000, 0x382c0000)
   the space 12288K,  32% used [0x342c0000, 0x3469b910, 0x3469ba00, 0x34ec0000)
    ro space 10240K,  41% used [0x382c0000, 0x386f2050, 0x386f2200, 0x38cc0000)
    rw space 12288K,  52% used [0x38cc0000, 0x39306800, 0x39306800, 0x398c0000)
}
Event: 78.823 GC heap before
{Heap before GC invocations=33 (full 0):
 def new generation   total 4928K, used 4594K [0x242c0000, 0x24810000, 0x29810000)
  eden space 4416K, 100% used [0x242c0000, 0x24710000, 0x24710000)
  from space 512K,  34% used [0x24790000, 0x247bca60, 0x24810000)
  to   space 512K,   0% used [0x24710000, 0x24710000, 0x24790000)
 tenured generation   total 10944K, used 4951K [0x29810000, 0x2a2c0000, 0x342c0000)
   the space 10944K,  45% used [0x29810000, 0x29ce5f20, 0x29ce6000, 0x2a2c0000)
 compacting perm gen  total 12288K, used 3950K [0x342c0000, 0x34ec0000, 0x382c0000)
   the space 12288K,  32% used [0x342c0000, 0x3469b910, 0x3469ba00, 0x34ec0000)
    ro space 10240K,  41% used [0x382c0000, 0x386f2050, 0x386f2200, 0x38cc0000)
    rw space 12288K,  52% used [0x38cc0000, 0x39306800, 0x39306800, 0x398c0000)
Event: 78.836 GC heap after
Heap after GC invocations=34 (full 0):
 def new generation   total 4928K, used 179K [0x242c0000, 0x24810000, 0x29810000)
  eden space 4416K,   0% used [0x242c0000, 0x242c0000, 0x24710000)
  from space 512K,  35% used [0x24710000, 0x2473cff0, 0x24790000)
  to   space 512K,   0% used [0x24790000, 0x24790000, 0x24810000)
 tenured generation   total 10944K, used 4951K [0x29810000, 0x2a2c0000, 0x342c0000)
   the space 10944K,  45% used [0x29810000, 0x29ce5f20, 0x29ce6000, 0x2a2c0000)
 compacting perm gen  total 12288K, used 3950K [0x342c0000, 0x34ec0000, 0x382c0000)
   the space 12288K,  32% used [0x342c0000, 0x3469b910, 0x3469ba00, 0x34ec0000)
    ro space 10240K,  41% used [0x382c0000, 0x386f2050, 0x386f2200, 0x38cc0000)
    rw space 12288K,  52% used [0x38cc0000, 0x39306800, 0x39306800, 0x398c0000)
}
Event: 84.575 GC heap before
{Heap before GC invocations=34 (full 0):
 def new generation   total 4928K, used 4595K [0x242c0000, 0x24810000, 0x29810000)
  eden space 4416K, 100% used [0x242c0000, 0x24710000, 0x24710000)
  from space 512K,  35% used [0x24710000, 0x2473cff0, 0x24790000)
  to   space 512K,   0% used [0x24790000, 0x24790000, 0x24810000)
 tenured generation   total 10944K, used 4951K [0x29810000, 0x2a2c0000, 0x342c0000)
   the space 10944K,  45% used [0x29810000, 0x29ce5f20, 0x29ce6000, 0x2a2c0000)
 compacting perm gen  total 12288K, used 3950K [0x342c0000, 0x34ec0000, 0x382c0000)
   the space 12288K,  32% used [0x342c0000, 0x3469b950, 0x3469ba00, 0x34ec0000)
    ro space 10240K,  41% used [0x382c0000, 0x386f2050, 0x386f2200, 0x38cc0000)
    rw space 12288K,  52% used [0x38cc0000, 0x39306800, 0x39306800, 0x398c0000)
Event: 84.577 GC heap after
Heap after GC invocations=35 (full 0):
 def new generation   total 4928K, used 180K [0x242c0000, 0x24810000, 0x29810000)
  eden space 4416K,   0% used [0x242c0000, 0x242c0000, 0x24710000)
  from space 512K,  35% used [0x24790000, 0x247bd2d8, 0x24810000)
  to   space 512K,   0% used [0x24710000, 0x24710000, 0x24790000)
 tenured generation   total 10944K, used 4951K [0x29810000, 0x2a2c0000, 0x342c0000)
   the space 10944K,  45% used [0x29810000, 0x29ce5f20, 0x29ce6000, 0x2a2c0000)
 compacting perm gen  total 12288K, used 3950K [0x342c0000, 0x34ec0000, 0x382c0000)
   the space 12288K,  32% used [0x342c0000, 0x3469b950, 0x3469ba00, 0x34ec0000)
    ro space 10240K,  41% used [0x382c0000, 0x386f2050, 0x386f2200, 0x38cc0000)
    rw space 12288K,  52% used [0x38cc0000, 0x39306800, 0x39306800, 0x398c0000)
}
Event: 90.304 GC heap before
{Heap before GC invocations=35 (full 0):
 def new generation   total 4928K, used 4596K [0x242c0000, 0x24810000, 0x29810000)
  eden space 4416K, 100% used [0x242c0000, 0x24710000, 0x24710000)
  from space 512K,  35% used [0x24790000, 0x247bd2d8, 0x24810000)
  to   space 512K,   0% used [0x24710000, 0x24710000, 0x24790000)
 tenured generation   total 10944K, used 4951K [0x29810000, 0x2a2c0000, 0x342c0000)
   the space 10944K,  45% used [0x29810000, 0x29ce5f20, 0x29ce6000, 0x2a2c0000)
 compacting perm gen  total 12288K, used 3950K [0x342c0000, 0x34ec0000, 0x382c0000)
   the space 12288K,  32% used [0x342c0000, 0x3469b990, 0x3469ba00, 0x34ec0000)
    ro space 10240K,  41% used [0x382c0000, 0x386f2050, 0x386f2200, 0x38cc0000)
    rw space 12288K,  52% used [0x38cc0000, 0x39306800, 0x39306800, 0x398c0000)
Event: 90.306 GC heap after
Heap after GC invocations=36 (full 0):
 def new generation   total 4928K, used 181K [0x242c0000, 0x24810000, 0x29810000)
  eden space 4416K,   0% used [0x242c0000, 0x242c0000, 0x24710000)
  from space 512K,  35% used [0x24710000, 0x2473d450, 0x24790000)
  to   space 512K,   0% used [0x24790000, 0x24790000, 0x24810000)
 tenured generation   total 10944K, used 4951K [0x29810000, 0x2a2c0000, 0x342c0000)
   the space 10944K,  45% used [0x29810000, 0x29ce5f20, 0x29ce6000, 0x2a2c0000)
 compacting perm gen  total 12288K, used 3950K [0x342c0000, 0x34ec0000, 0x382c0000)
   the space 12288K,  32% used [0x342c0000, 0x3469b990, 0x3469ba00, 0x34ec0000)
    ro space 10240K,  41% used [0x382c0000, 0x386f2050, 0x386f2200, 0x38cc0000)
    rw space 12288K,  52% used [0x38cc0000, 0x39306800, 0x39306800, 0x398c0000)
}

Deoptimization events (0 events):
No events

Internal exceptions (10 events):
Event: 73.681 Thread 0x012f0800 Threw 0x24323638 at C:\re\jdk7u51\527\hotspot\src\share\vm\prims\jni.cpp:717
Event: 73.681 Thread 0x012f0800 Threw 0x243237a0 at C:\re\jdk7u51\527\hotspot\src\share\vm\prims\jni.cpp:717
Event: 89.340 Thread 0x012f0800 Threw 0x24649a70 at C:\re\jdk7u51\527\hotspot\src\share\vm\prims\jni.cpp:717
Event: 89.340 Thread 0x012f0800 Threw 0x24649bd8 at C:\re\jdk7u51\527\hotspot\src\share\vm\prims\jni.cpp:717
Event: 89.340 Thread 0x012f0800 Threw 0x24649d70 at C:\re\jdk7u51\527\hotspot\src\share\vm\prims\jni.cpp:717
Event: 89.340 Thread 0x012f0800 Threw 0x24649ed8 at C:\re\jdk7u51\527\hotspot\src\share\vm\prims\jni.cpp:717
Event: 95.461 Thread 0x012f0800 Threw 0x24658578 at C:\re\jdk7u51\527\hotspot\src\share\vm\prims\jni.cpp:717
Event: 95.462 Thread 0x012f0800 Threw 0x246586e0 at C:\re\jdk7u51\527\hotspot\src\share\vm\prims\jni.cpp:717
Event: 95.462 Thread 0x012f0800 Threw 0x24658878 at C:\re\jdk7u51\527\hotspot\src\share\vm\prims\jni.cpp:717
Event: 95.462 Thread 0x012f0800 Threw 0x246589e0 at C:\re\jdk7u51\527\hotspot\src\share\vm\prims\jni.cpp:717

Events (10 events):
Event: 67.527 Executing VM operation: GenCollectForAllocation
Event: 67.531 Executing VM operation: GenCollectForAllocation done
Event: 73.180 Executing VM operation: GenCollectForAllocation
Event: 73.182 Executing VM operation: GenCollectForAllocation done
Event: 78.823 Executing VM operation: GenCollectForAllocation
Event: 78.836 Executing VM operation: GenCollectForAllocation done
Event: 84.575 Executing VM operation: GenCollectForAllocation
Event: 84.577 Executing VM operation: GenCollectForAllocation done
Event: 90.304 Executing VM operation: GenCollectForAllocation
Event: 90.306 Executing VM operation: GenCollectForAllocation done


Dynamic libraries:
0x013e0000 - 0x0140f000 	C:\Windows\SysWOW64\javaw.exe
0x77ad0000 - 0x77c50000 	C:\Windows\SysWOW64\ntdll.dll
0x755b0000 - 0x756c0000 	C:\Windows\syswow64\kernel32.dll
0x75cf0000 - 0x75d37000 	C:\Windows\syswow64\KERNELBASE.dll
0x77460000 - 0x77500000 	C:\Windows\syswow64\ADVAPI32.dll
0x76fb0000 - 0x7705c000 	C:\Windows\syswow64\msvcrt.dll
0x76d00000 - 0x76d19000 	C:\Windows\SysWOW64\sechost.dll
0x75d50000 - 0x75e40000 	C:\Windows\syswow64\RPCRT4.dll
0x754f0000 - 0x75550000 	C:\Windows\syswow64\SspiCli.dll
0x754e0000 - 0x754ec000 	C:\Windows\syswow64\CRYPTBASE.dll
0x76b20000 - 0x76c20000 	C:\Windows\syswow64\USER32.dll
0x76e80000 - 0x76f10000 	C:\Windows\syswow64\GDI32.dll
0x76cc0000 - 0x76cca000 	C:\Windows\syswow64\LPK.dll
0x75780000 - 0x7581d000 	C:\Windows\syswow64\USP10.dll
0x72c80000 - 0x72e1e000 	C:\Windows\WinSxS\x86_microsoft.windows.common-controls_6595b64144ccf1df_6.0.7601.17514_none_41e6975e2bd6f2b2\COMCTL32.dll
0x76f50000 - 0x76fa7000 	C:\Windows\syswow64\SHLWAPI.dll
0x76c50000 - 0x76cb0000 	C:\Windows\system32\IMM32.DLL
0x76db0000 - 0x76e7c000 	C:\Windows\syswow64\MSCTF.dll
0x78410000 - 0x784cf000 	C:\Program Files (x86)\Java\jre7\bin\msvcr100.dll
0x6d8f0000 - 0x6dc70000 	C:\Program Files (x86)\Java\jre7\bin\client\jvm.dll
0x71030000 - 0x71037000 	C:\Windows\SysWOW64\WSOCK32.dll
0x773d0000 - 0x77405000 	C:\Windows\syswow64\WS2_32.dll
0x75830000 - 0x75836000 	C:\Windows\syswow64\NSI.dll
0x74c70000 - 0x74ca2000 	C:\Windows\SysWOW64\WINMM.dll
0x75d40000 - 0x75d45000 	C:\Windows\syswow64\PSAPI.DLL
0x6e4b0000 - 0x6e4bc000 	C:\Program Files (x86)\Java\jre7\bin\verify.dll
0x6d0b0000 - 0x6d0d0000 	C:\Program Files (x86)\Java\jre7\bin\java.dll
0x001b0000 - 0x001c3000 	C:\Program Files (x86)\Java\jre7\bin\zip.dll
0x6c1b0000 - 0x6c2f3000 	C:\Program Files (x86)\Java\jre7\bin\awt.dll
0x77340000 - 0x773cf000 	C:\Windows\syswow64\OLEAUT32.dll
0x75840000 - 0x7599c000 	C:\Windows\syswow64\ole32.dll
0x73a80000 - 0x73b00000 	C:\Windows\system32\uxtheme.dll
0x73dd0000 - 0x73de3000 	C:\Windows\SysWOW64\dwmapi.dll
0x738a0000 - 0x73a63000 	C:\Windows\system32\d3d9.dll
0x748c0000 - 0x748c9000 	C:\Windows\SysWOW64\VERSION.dll
0x73a70000 - 0x73a76000 	C:\Windows\SysWOW64\d3d8thk.dll
0x5e2f0000 - 0x5e3d6000 	C:\Windows\SysWOW64\aticfx32.dll
0x5e2e0000 - 0x5e2eb000 	C:\Windows\SysWOW64\atiu9pag.dll
0x5d6e0000 - 0x5dcde000 	C:\Windows\SysWOW64\atiumdag.dll
0x5de40000 - 0x5e2d2000 	C:\Windows\SysWOW64\atiumdva.dll
0x6c580000 - 0x6c5b9000 	C:\Program Files (x86)\Java\jre7\bin\fontmanager.dll
0x10000000 - 0x1004d000 	E:\DropBox\Dropbox\Charles Dominic\Technical\MultiWii\MultiWii_2_3\MultiWiiConf\application.windows32\jogl.dll
0x19390000 - 0x19458000 	C:\Windows\SysWOW64\OPENGL32.dll
0x08dc0000 - 0x08de2000 	C:\Windows\SysWOW64\GLU32.dll
0x73b00000 - 0x73be7000 	C:\Windows\SysWOW64\DDRAW.dll
0x73bf0000 - 0x73bf6000 	C:\Windows\SysWOW64\DCIMAN32.dll
0x77060000 - 0x771fd000 	C:\Windows\syswow64\SETUPAPI.dll
0x76f20000 - 0x76f47000 	C:\Windows\syswow64\CFGMGR32.dll
0x756c0000 - 0x756d2000 	C:\Windows\syswow64\DEVOBJ.dll
0x6cce0000 - 0x6cce6000 	C:\Program Files (x86)\Java\jre7\bin\jawt.dll
0x00be0000 - 0x00be5000 	E:\DropBox\Dropbox\Charles Dominic\Technical\MultiWii\MultiWii_2_3\MultiWiiConf\application.windows32\jogl_awt.dll
0x0fce0000 - 0x0fce7000 	C:\Windows\SysWOW64\atiglpxx.dll
0x69030000 - 0x6a355000 	C:\Windows\SysWOW64\atioglxx.dll
0x0fb40000 - 0x0fba2000 	C:\Windows\SysWOW64\atiadlxy.dll
0x75ed0000 - 0x76b1a000 	C:\Windows\syswow64\SHELL32.dll
0x74cb0000 - 0x74cc7000 	C:\Windows\SysWOW64\USERENV.dll
0x74e60000 - 0x74e6b000 	C:\Windows\SysWOW64\profapi.dll
0x74310000 - 0x7431d000 	C:\Windows\SysWOW64\WTSAPI32.dll
0x76cd0000 - 0x76cfe000 	C:\Windows\syswow64\WINTRUST.dll
0x75bc0000 - 0x75ce0000 	C:\Windows\syswow64\CRYPT32.dll
0x76f10000 - 0x76f1c000 	C:\Windows\syswow64\MSASN1.dll
0x0fa50000 - 0x0fa5b000 	C:\Windows\SysWOW64\atigktxx.dll
0x00dd0000 - 0x00de4000 	C:\Program Files (x86)\Java\jre7\bin\net.dll
0x74eb0000 - 0x74eec000 	C:\Windows\system32\mswsock.dll
0x75400000 - 0x75406000 	C:\Windows\System32\wship6.dll
0x00e40000 - 0x00e4f000 	C:\Program Files (x86)\Java\jre7\bin\nio.dll
0x6dd30000 - 0x6dd60000 	C:\Program Files (x86)\Java\jre7\bin\t2k.dll
0x71080000 - 0x71096000 	E:\DropBox\Dropbox\Charles Dominic\Technical\MultiWii\MultiWii_2_3\MultiWiiConf\application.windows32\rxtxSerial.dll
0x6c790000 - 0x6c87b000 	C:\Windows\SysWOW64\dbghelp.dll

VM Arguments:
java_command: MultiWiiConf
Launcher Type: SUN_STANDARD

Environment Variables:
CLASSPATH=E:\DropBox\Dropbox\Charles Dominic\Technical\MultiWii\MultiWii_2_3\MultiWiiConf\application.windows32\lib\MultiWiiConf.jar;E:\DropBox\Dropbox\Charles Dominic\Technical\MultiWii\MultiWii_2_3\MultiWiiConf\application.windows32\lib\core.jar;E:\DropBox\Dropbox\Charles Dominic\Technical\MultiWii\MultiWii_2_3\MultiWiiConf\application.windows32\lib\RXTXcomm.jar;E:\DropBox\Dropbox\Charles Dominic\Technical\MultiWii\MultiWii_2_3\MultiWiiConf\application.windows32\lib\serial.jar;E:\DropBox\Dropbox\Charles Dominic\Technical\MultiWii\MultiWii_2_3\MultiWiiConf\application.windows32\lib\controlP5.jar;E:\DropBox\Dropbox\Charles Dominic\Technical\MultiWii\MultiWii_2_3\MultiWiiConf\application.windows32\lib\gluegen-rt.jar;E:\DropBox\Dropbox\Charles Dominic\Technical\MultiWii\MultiWii_2_3\MultiWiiConf\application.windows32\lib\jogl.jar;E:\DropBox\Dropbox\Charles Dominic\Technical\MultiWii\MultiWii_2_3\MultiWiiConf\application.windows32\lib\opengl.jar
PATH=C:\Program Files (x86)\AMD APP\bin\x86_64;C:\Program Files (x86)\NVIDIA Corporation\PhysX\Common;J:\Program Files (x86)\Microchip\mplabc30\v3.25\bin;C:\WinAVR-20100110\bin;C:\WinAVR-20100110\utils\bin;C:\Windows\system32;C:\Windows;C:\Windows\System32\Wbem;C:\Windows\System32\WindowsPowerShell\v1.0;C:\Program Files (x86)\ATI Technologies\ATI.ACE\Core-Static;J:\Program Files (x86)\Microchip\MPLAB C32 Suite\bin;C:\Program Files\Microsoft Windows Performance Toolkit;C:\Program Files (x86)\Microsoft SQL Server\100\Tools\Binn;C:\Program Files (x86)\Microsoft SQL Server\100\DTS\Binn;C:\Program Files (x86)\MATLAB\R2010bSP1\runtime\win32;C:\Program Files (x86)\MATLAB\R2010bSP1\bin;C:\Program Files (x86)\MiKTeX 2.9\miktex\bin;C:\Program Files (x86)\pstoedit;C:\Program Files (x86)\gs\gs9.06\bin;C:\Program Files (x86)\Microchip\MPLAB C32 Suite\bin
USERNAME=DROBI062
OS=Windows_NT
PROCESSOR_IDENTIFIER=AMD64 Family 16 Model 4 Stepping 2, AuthenticAMD



---------------  S Y S T E M  ---------------

OS: Windows 7 , 64 bit Build 7601 Service Pack 1

CPU:total 4 (4 cores per cpu, 1 threads per core) family 16 model 4 stepping 2, cmov, cx8, fxsr, mmx, sse, sse2, sse3, popcnt, mmxext, 3dnowpref, lzcnt, sse4a, tsc, tscinvbit, tscinv

Memory: 4k page, physical 6012684k(2877060k free), swap 12023504k(8141280k free)

vm_info: Java HotSpot(TM) Client VM (24.51-b03) for windows-x86 JRE (1.7.0_51-b13), built on Dec 18 2013 19:09:58 by "java_re" with unknown MS VC++:1600

time: Sun Mar 30 16:31:45 2014
elapsed time: 95 seconds

