#
# A fatal error has been detected by the Java Runtime Environment:
#
#  EXCEPTION_ACCESS_VIOLATION (0xc0000005) at pc=0x691bef37, pid=19996, tid=16984
#
# JRE version: Java(TM) SE Runtime Environment (7.0_51-b13) (build 1.7.0_51-b13)
# Java VM: Java HotSpot(TM) Client VM (24.51-b03 mixed mode, sharing windows-x86 )
# Problematic frame:
# C  [atioglxx.dll+0x18ef37]
#
# Failed to write core dump. Minidumps are not enabled by default on client versions of Windows
#
# If you would like to submit a bug report, please visit:
#   http://bugreport.sun.com/bugreport/crash.jsp
# The crash happened outside the Java Virtual Machine in native code.
# See problematic frame for where to report the bug.
#

---------------  T H R E A D  ---------------

Current thread (0x04a25800):  JavaThread "Animation Thread" [_thread_in_native, id=16984, stack(0x079b0000,0x07a00000)]

siginfo: ExceptionCode=0xc0000005, reading address 0x0c218f00

Registers:
EAX=0x01206802, EBX=0xffffffff, ECX=0x6a1fb298, EDX=0x7fffffff
ESP=0x079feea8, EBP=0x079ff1a0, ESI=0x00000000, EDI=0x6a1fab40
EIP=0x691bef37, EFLAGS=0x00010217

Top of Stack: (sp=0x079feea8)
0x079feea8:   0a70ae38 6a1fab40 0a70adf0 69f64efd
0x079feeb8:   00000000 01206802 00000000 ffffffff
0x079feec8:   00000004 00000000 febfffff 079ff150
0x079feed8:   00000000 00000000 00000000 09c1ceb8
0x079feee8:   09c11b98 09c107d0 00000001 00000000
0x079feef8:   ffffffff ffffffff ffffffff ffffffff
0x079fef08:   ffffffff ffffffff ffffffff ffffffff
0x079fef18:   ffffffff ffffffff ffffffff ffffffff 

Instructions: (pc=0x691bef37)
0x691bef17:   d1 21 4c 24 24 8b ce c1 e1 06 83 cb ff 89 44 24
0x691bef27:   14 8d 8c 39 58 07 00 00 3b c3 0f 84 86 01 00 00
0x691bef37:   39 5c 84 50 0f 84 7c 01 00 00 ff 44 24 18 83 fe
0x691bef47:   17 75 08 8b 5c 24 18 4b 89 5f 40 3b 44 24 1c 7e 


Register to memory mapping:

EAX=0x01206802 is an unknown value
EBX=0xffffffff is an unknown value
ECX=0x6a1fb298 is an unknown value
EDX=0x7fffffff is an unknown value
ESP=0x079feea8 is pointing into the stack for thread: 0x04a25800
EBP=0x079ff1a0 is pointing into the stack for thread: 0x04a25800
ESI=0x00000000 is an unknown value
EDI=0x6a1fab40 is an unknown value


Stack: [0x079b0000,0x07a00000],  sp=0x079feea8,  free space=315k
Native frames: (J=compiled Java code, j=interpreted, Vv=VM code, C=native code)
C  [atioglxx.dll+0x18ef37]
C  [atioglxx.dll+0x19e350]
C  [atioglxx.dll+0x82ffdd]
C  [atioglxx.dll+0x83045a]
C  [atioglxx.dll+0x17a436]
C  [atioglxx.dll+0x173c0c]
C  [jogl.dll+0x1bdd]
J  com.sun.opengl.impl.GLImpl.glBegin0(I)V
J  processing.opengl.PGraphicsOpenGL.renderLines(II)V
j  processing.core.PApplet.handleDraw()V+145
j  processing.core.PApplet.run()V+72
j  java.lang.Thread.run()V+11
v  ~StubRoutines::call_stub
V  [jvm.dll+0x13f35a]
V  [jvm.dll+0x202c6e]
V  [jvm.dll+0x13f525]
V  [jvm.dll+0x13f587]
V  [jvm.dll+0xeb81f]
V  [jvm.dll+0x16059c]
V  [jvm.dll+0x160fd7]
V  [jvm.dll+0x1a4b79]
C  [msvcr100.dll+0x5c556]
C  [msvcr100.dll+0x5c600]
C  [kernel32.dll+0x1336a]
C  [ntdll.dll+0x39f72]
C  [ntdll.dll+0x39f45]

Java frames: (J=compiled Java code, j=interpreted, Vv=VM code)
J  com.sun.opengl.impl.GLImpl.glBegin0(I)V
J  processing.opengl.PGraphicsOpenGL.renderLines(II)V
J  processing.core.PGraphics3D.endShape(I)V
J  processing.core.PApplet.line(FFFFFF)V
j  MultiWiiConf.draw()V+19429
j  processing.core.PApplet.handleDraw()V+145
j  processing.core.PApplet.run()V+72
j  java.lang.Thread.run()V+11
v  ~StubRoutines::call_stub

---------------  P R O C E S S  ---------------

Java Threads: ( => current thread )
  0x04bb3800 JavaThread "Thread-3" [_thread_in_native, id=16008, stack(0x0cbe0000,0x0cc30000)]
  0x00b2d400 JavaThread "DestroyJavaVM" [_thread_blocked, id=21032, stack(0x002b0000,0x00300000)]
  0x049e9000 JavaThread "D3D Screen Updater" daemon [_thread_blocked, id=20928, stack(0x08f60000,0x08fb0000)]
=>0x04a25800 JavaThread "Animation Thread" [_thread_in_native, id=16984, stack(0x079b0000,0x07a00000)]
  0x04823c00 JavaThread "AWT-EventQueue-0" [_thread_blocked, id=16132, stack(0x051c0000,0x05210000)]
  0x04814800 JavaThread "AWT-Windows" daemon [_thread_in_native, id=19672, stack(0x04fa0000,0x04ff0000)]
  0x0483f000 JavaThread "AWT-Shutdown" [_thread_blocked, id=20092, stack(0x00d70000,0x00dc0000)]
  0x04841400 JavaThread "Java2D Disposer" daemon [_thread_blocked, id=21344, stack(0x010d0000,0x01120000)]
  0x009f2400 JavaThread "Service Thread" daemon [_thread_blocked, id=18056, stack(0x01180000,0x011d0000)]
  0x009e9c00 JavaThread "C1 CompilerThread0" daemon [_thread_blocked, id=17104, stack(0x01010000,0x01060000)]
  0x009dec00 JavaThread "Attach Listener" daemon [_thread_blocked, id=20552, stack(0x00ee0000,0x00f30000)]
  0x009dbc00 JavaThread "Signal Dispatcher" daemon [_thread_blocked, id=17728, stack(0x00e30000,0x00e80000)]
  0x00973400 JavaThread "Finalizer" daemon [_thread_blocked, id=18716, stack(0x00bb0000,0x00c00000)]
  0x0096e400 JavaThread "Reference Handler" daemon [_thread_blocked, id=21300, stack(0x00cc0000,0x00d10000)]

Other Threads:
  0x0096cc00 VMThread [stack: 0x00d20000,0x00d70000] [id=20840]
  0x009fb000 WatcherThread [stack: 0x01080000,0x010d0000] [id=20236]

VM state:not at safepoint (normal execution)

VM Mutex/Monitor currently owned by a thread: None

Heap
 def new generation   total 4928K, used 2045K [0x242c0000, 0x24810000, 0x29810000)
  eden space 4416K,  42% used [0x242c0000, 0x2449a258, 0x24710000)
  from space 512K,  29% used [0x24790000, 0x247b5340, 0x24810000)
  to   space 512K,   0% used [0x24710000, 0x24710000, 0x24790000)
 tenured generation   total 10944K, used 5099K [0x29810000, 0x2a2c0000, 0x342c0000)
   the space 10944K,  46% used [0x29810000, 0x29d0af88, 0x29d0b000, 0x2a2c0000)
 compacting perm gen  total 12288K, used 3761K [0x342c0000, 0x34ec0000, 0x382c0000)
   the space 12288K,  30% used [0x342c0000, 0x3466c650, 0x3466c800, 0x34ec0000)
    ro space 10240K,  41% used [0x382c0000, 0x386f2050, 0x386f2200, 0x38cc0000)
    rw space 12288K,  52% used [0x38cc0000, 0x39306800, 0x39306800, 0x398c0000)

Card table byte_map: [0x00a30000,0x00ae0000] byte_map_base: 0x0090ea00

Polling page: 0x00170000

Code Cache  [0x02810000, 0x029e8000, 0x04810000)
 total_blobs=1110 nmethods=730 adapters=316 free_code_cache=30893Kb largest_free_block=31634880

Compilation events (10 events):
Event: 27.324 Thread 0x009e9c00  728             processing.core.PMatrix3D::reset (21 bytes)
Event: 27.324 Thread 0x009e9c00 nmethod 728 0x029e3588 code [0x029e36a0, 0x029e37ac]
Event: 28.092 Thread 0x009e9c00  729             controlP5.Tab::drawLabel (124 bytes)
Event: 28.093 Thread 0x009e9c00 nmethod 729 0x029e3808 code [0x029e3a20, 0x029e3ea8]
Event: 28.093 Thread 0x009e9c00  730             controlP5.ControllerGroup::getHeight (5 bytes)
Event: 28.093 Thread 0x009e9c00 nmethod 730 0x029e44c8 code [0x029e45c0, 0x029e4640]
Event: 28.330 Thread 0x009e9c00  731             java.awt.Point::<init> (15 bytes)
Event: 28.330 Thread 0x009e9c00 nmethod 731 0x029e4688 code [0x029e4780, 0x029e4800]
Event: 28.706 Thread 0x009e9c00  732             java.awt.Toolkit::getEventQueue (7 bytes)
Event: 28.706 Thread 0x009e9c00 nmethod 732 0x029e4848 code [0x029e4950, 0x029e49e8]

GC Heap History (10 events):
Event: 4.593 GC heap before
{Heap before GC invocations=24 (full 0):
 def new generation   total 4928K, used 4928K [0x242c0000, 0x24810000, 0x29810000)
  eden space 4416K, 100% used [0x242c0000, 0x24710000, 0x24710000)
  from space 512K, 100% used [0x24710000, 0x24790000, 0x24790000)
  to   space 512K,   0% used [0x24790000, 0x24790000, 0x24810000)
 tenured generation   total 10944K, used 4281K [0x29810000, 0x2a2c0000, 0x342c0000)
   the space 10944K,  39% used [0x29810000, 0x29c3e790, 0x29c3e800, 0x2a2c0000)
 compacting perm gen  total 12288K, used 3750K [0x342c0000, 0x34ec0000, 0x382c0000)
   the space 12288K,  30% used [0x342c0000, 0x34669890, 0x34669a00, 0x34ec0000)
    ro space 10240K,  41% used [0x382c0000, 0x386f2050, 0x386f2200, 0x38cc0000)
    rw space 12288K,  52% used [0x38cc0000, 0x39306800, 0x39306800, 0x398c0000)
Event: 4.599 GC heap after
Heap after GC invocations=25 (full 0):
 def new generation   total 4928K, used 333K [0x242c0000, 0x24810000, 0x29810000)
  eden space 4416K,   0% used [0x242c0000, 0x242c0000, 0x24710000)
  from space 512K,  65% used [0x24790000, 0x247e3550, 0x24810000)
  to   space 512K,   0% used [0x24710000, 0x24710000, 0x24790000)
 tenured generation   total 10944K, used 4788K [0x29810000, 0x2a2c0000, 0x342c0000)
   the space 10944K,  43% used [0x29810000, 0x29cbd098, 0x29cbd200, 0x2a2c0000)
 compacting perm gen  total 12288K, used 3750K [0x342c0000, 0x34ec0000, 0x382c0000)
   the space 12288K,  30% used [0x342c0000, 0x34669890, 0x34669a00, 0x34ec0000)
    ro space 10240K,  41% used [0x382c0000, 0x386f2050, 0x386f2200, 0x38cc0000)
    rw space 12288K,  52% used [0x38cc0000, 0x39306800, 0x39306800, 0x398c0000)
}
Event: 9.585 GC heap before
{Heap before GC invocations=25 (full 0):
 def new generation   total 4928K, used 4749K [0x242c0000, 0x24810000, 0x29810000)
  eden space 4416K, 100% used [0x242c0000, 0x24710000, 0x24710000)
  from space 512K,  65% used [0x24790000, 0x247e3550, 0x24810000)
  to   space 512K,   0% used [0x24710000, 0x24710000, 0x24790000)
 tenured generation   total 10944K, used 4788K [0x29810000, 0x2a2c0000, 0x342c0000)
   the space 10944K,  43% used [0x29810000, 0x29cbd098, 0x29cbd200, 0x2a2c0000)
 compacting perm gen  total 12288K, used 3760K [0x342c0000, 0x34ec0000, 0x382c0000)
   the space 12288K,  30% used [0x342c0000, 0x3466c178, 0x3466c200, 0x34ec0000)
    ro space 10240K,  41% used [0x382c0000, 0x386f2050, 0x386f2200, 0x38cc0000)
    rw space 12288K,  52% used [0x38cc0000, 0x39306800, 0x39306800, 0x398c0000)
Event: 9.591 GC heap after
Heap after GC invocations=26 (full 0):
 def new generation   total 4928K, used 75K [0x242c0000, 0x24810000, 0x29810000)
  eden space 4416K,   0% used [0x242c0000, 0x242c0000, 0x24710000)
  from space 512K,  14% used [0x24710000, 0x24722fa0, 0x24790000)
  to   space 512K,   0% used [0x24790000, 0x24790000, 0x24810000)
 tenured generation   total 10944K, used 5099K [0x29810000, 0x2a2c0000, 0x342c0000)
   the space 10944K,  46% used [0x29810000, 0x29d0af88, 0x29d0b000, 0x2a2c0000)
 compacting perm gen  total 12288K, used 3760K [0x342c0000, 0x34ec0000, 0x382c0000)
   the space 12288K,  30% used [0x342c0000, 0x3466c178, 0x3466c200, 0x34ec0000)
    ro space 10240K,  41% used [0x382c0000, 0x386f2050, 0x386f2200, 0x38cc0000)
    rw space 12288K,  52% used [0x38cc0000, 0x39306800, 0x39306800, 0x398c0000)
}
Event: 12.984 GC heap before
{Heap before GC invocations=26 (full 0):
 def new generation   total 4928K, used 4491K [0x242c0000, 0x24810000, 0x29810000)
  eden space 4416K, 100% used [0x242c0000, 0x24710000, 0x24710000)
  from space 512K,  14% used [0x24710000, 0x24722fa0, 0x24790000)
  to   space 512K,   0% used [0x24790000, 0x24790000, 0x24810000)
 tenured generation   total 10944K, used 5099K [0x29810000, 0x2a2c0000, 0x342c0000)
   the space 10944K,  46% used [0x29810000, 0x29d0af88, 0x29d0b000, 0x2a2c0000)
 compacting perm gen  total 12288K, used 3760K [0x342c0000, 0x34ec0000, 0x382c0000)
   the space 12288K,  30% used [0x342c0000, 0x3466c1a8, 0x3466c200, 0x34ec0000)
    ro space 10240K,  41% used [0x382c0000, 0x386f2050, 0x386f2200, 0x38cc0000)
    rw space 12288K,  52% used [0x38cc0000, 0x39306800, 0x39306800, 0x398c0000)
Event: 12.996 GC heap after
Heap after GC invocations=27 (full 0):
 def new generation   total 4928K, used 147K [0x242c0000, 0x24810000, 0x29810000)
  eden space 4416K,   0% used [0x242c0000, 0x242c0000, 0x24710000)
  from space 512K,  28% used [0x24790000, 0x247b4eb8, 0x24810000)
  to   space 512K,   0% used [0x24710000, 0x24710000, 0x24790000)
 tenured generation   total 10944K, used 5099K [0x29810000, 0x2a2c0000, 0x342c0000)
   the space 10944K,  46% used [0x29810000, 0x29d0af88, 0x29d0b000, 0x2a2c0000)
 compacting perm gen  total 12288K, used 3760K [0x342c0000, 0x34ec0000, 0x382c0000)
   the space 12288K,  30% used [0x342c0000, 0x3466c1a8, 0x3466c200, 0x34ec0000)
    ro space 10240K,  41% used [0x382c0000, 0x386f2050, 0x386f2200, 0x38cc0000)
    rw space 12288K,  52% used [0x38cc0000, 0x39306800, 0x39306800, 0x398c0000)
}
Event: 19.969 GC heap before
{Heap before GC invocations=27 (full 0):
 def new generation   total 4928K, used 4563K [0x242c0000, 0x24810000, 0x29810000)
  eden space 4416K, 100% used [0x242c0000, 0x24710000, 0x24710000)
  from space 512K,  28% used [0x24790000, 0x247b4eb8, 0x24810000)
  to   space 512K,   0% used [0x24710000, 0x24710000, 0x24790000)
 tenured generation   total 10944K, used 5099K [0x29810000, 0x2a2c0000, 0x342c0000)
   the space 10944K,  46% used [0x29810000, 0x29d0af88, 0x29d0b000, 0x2a2c0000)
 compacting perm gen  total 12288K, used 3761K [0x342c0000, 0x34ec0000, 0x382c0000)
   the space 12288K,  30% used [0x342c0000, 0x3466c5f0, 0x3466c600, 0x34ec0000)
    ro space 10240K,  41% used [0x382c0000, 0x386f2050, 0x386f2200, 0x38cc0000)
    rw space 12288K,  52% used [0x38cc0000, 0x39306800, 0x39306800, 0x398c0000)
Event: 19.972 GC heap after
Heap after GC invocations=28 (full 0):
 def new generation   total 4928K, used 149K [0x242c0000, 0x24810000, 0x29810000)
  eden space 4416K,   0% used [0x242c0000, 0x242c0000, 0x24710000)
  from space 512K,  29% used [0x24710000, 0x247354b8, 0x24790000)
  to   space 512K,   0% used [0x24790000, 0x24790000, 0x24810000)
 tenured generation   total 10944K, used 5099K [0x29810000, 0x2a2c0000, 0x342c0000)
   the space 10944K,  46% used [0x29810000, 0x29d0af88, 0x29d0b000, 0x2a2c0000)
 compacting perm gen  total 12288K, used 3761K [0x342c0000, 0x34ec0000, 0x382c0000)
   the space 12288K,  30% used [0x342c0000, 0x3466c5f0, 0x3466c600, 0x34ec0000)
    ro space 10240K,  41% used [0x382c0000, 0x386f2050, 0x386f2200, 0x38cc0000)
    rw space 12288K,  52% used [0x38cc0000, 0x39306800, 0x39306800, 0x398c0000)
}
Event: 26.824 GC heap before
{Heap before GC invocations=28 (full 0):
 def new generation   total 4928K, used 4565K [0x242c0000, 0x24810000, 0x29810000)
  eden space 4416K, 100% used [0x242c0000, 0x24710000, 0x24710000)
  from space 512K,  29% used [0x24710000, 0x247354b8, 0x24790000)
  to   space 512K,   0% used [0x24790000, 0x24790000, 0x24810000)
 tenured generation   total 10944K, used 5099K [0x29810000, 0x2a2c0000, 0x342c0000)
   the space 10944K,  46% used [0x29810000, 0x29d0af88, 0x29d0b000, 0x2a2c0000)
 compacting perm gen  total 12288K, used 3761K [0x342c0000, 0x34ec0000, 0x382c0000)
   the space 12288K,  30% used [0x342c0000, 0x3466c650, 0x3466c800, 0x34ec0000)
    ro space 10240K,  41% used [0x382c0000, 0x386f2050, 0x386f2200, 0x38cc0000)
    rw space 12288K,  52% used [0x38cc0000, 0x39306800, 0x39306800, 0x398c0000)
Event: 26.829 GC heap after
Heap after GC invocations=29 (full 0):
 def new generation   total 4928K, used 148K [0x242c0000, 0x24810000, 0x29810000)
  eden space 4416K,   0% used [0x242c0000, 0x242c0000, 0x24710000)
  from space 512K,  29% used [0x24790000, 0x247b5340, 0x24810000)
  to   space 512K,   0% used [0x24710000, 0x24710000, 0x24790000)
 tenured generation   total 10944K, used 5099K [0x29810000, 0x2a2c0000, 0x342c0000)
   the space 10944K,  46% used [0x29810000, 0x29d0af88, 0x29d0b000, 0x2a2c0000)
 compacting perm gen  total 12288K, used 3761K [0x342c0000, 0x34ec0000, 0x382c0000)
   the space 12288K,  30% used [0x342c0000, 0x3466c650, 0x3466c800, 0x34ec0000)
    ro space 10240K,  41% used [0x382c0000, 0x386f2050, 0x386f2200, 0x38cc0000)
    rw space 12288K,  52% used [0x38cc0000, 0x39306800, 0x39306800, 0x398c0000)
}

Deoptimization events (0 events):
No events

Internal exceptions (10 events):
Event: 4.393 Thread 0x04a25800 Threw 0x24323b28 at C:\re\jdk7u51\527\hotspot\src\share\vm\prims\jni.cpp:717
Event: 4.394 Thread 0x04a25800 Threw 0x2433a060 at C:\re\jdk7u51\527\hotspot\src\share\vm\prims\jni.cpp:717
Event: 4.454 Thread 0x04a25800 Threw 0x2434db10 at C:\re\jdk7u51\527\hotspot\src\share\vm\prims\jni.cpp:717
Event: 4.456 Thread 0x04a25800 Threw 0x2435c0e0 at C:\re\jdk7u51\527\hotspot\src\share\vm\prims\jvm.cpp:1244
Event: 4.456 Thread 0x04a25800 Threw 0x2435f9c0 at C:\re\jdk7u51\527\hotspot\src\share\vm\prims\jvm.cpp:1244
Event: 4.458 Thread 0x04a25800 Threw 0x24364358 at C:\re\jdk7u51\527\hotspot\src\share\vm\prims\jvm.cpp:1244
Event: 4.458 Thread 0x04a25800 Threw 0x24367ea0 at C:\re\jdk7u51\527\hotspot\src\share\vm\prims\jvm.cpp:1244
Event: 4.483 Thread 0x04a25800 Threw 0x2436d170 at C:\re\jdk7u51\527\hotspot\src\share\vm\prims\jvm.cpp:1244
Event: 4.499 Thread 0x04a25800 Threw 0x24370fc0 at C:\re\jdk7u51\527\hotspot\src\share\vm\prims\jvm.cpp:1244
Event: 4.603 Thread 0x04a25800 Threw 0x243812d8 at C:\re\jdk7u51\527\hotspot\src\share\vm\prims\jvm.cpp:1244

Events (10 events):
Event: 9.592 Executing VM operation: BulkRevokeBias
Event: 9.592 Executing VM operation: BulkRevokeBias done
Event: 12.983 Executing VM operation: GenCollectForAllocation
Event: 12.996 Executing VM operation: GenCollectForAllocation done
Event: 14.250 loading class 0x39968e78
Event: 14.251 loading class 0x39968e78 done
Event: 19.968 Executing VM operation: GenCollectForAllocation
Event: 19.972 Executing VM operation: GenCollectForAllocation done
Event: 26.824 Executing VM operation: GenCollectForAllocation
Event: 26.829 Executing VM operation: GenCollectForAllocation done


Dynamic libraries:
0x013e0000 - 0x0140f000 	C:\Windows\SysWOW64\javaw.exe
0x77ad0000 - 0x77c50000 	C:\Windows\SysWOW64\ntdll.dll
0x755b0000 - 0x756c0000 	C:\Windows\syswow64\kernel32.dll
0x75cf0000 - 0x75d37000 	C:\Windows\syswow64\KERNELBASE.dll
0x77460000 - 0x77500000 	C:\Windows\syswow64\ADVAPI32.dll
0x76fb0000 - 0x7705c000 	C:\Windows\syswow64\msvcrt.dll
0x76d00000 - 0x76d19000 	C:\Windows\SysWOW64\sechost.dll
0x75d50000 - 0x75e40000 	C:\Windows\syswow64\RPCRT4.dll
0x754f0000 - 0x75550000 	C:\Windows\syswow64\SspiCli.dll
0x754e0000 - 0x754ec000 	C:\Windows\syswow64\CRYPTBASE.dll
0x76b20000 - 0x76c20000 	C:\Windows\syswow64\USER32.dll
0x76e80000 - 0x76f10000 	C:\Windows\syswow64\GDI32.dll
0x76cc0000 - 0x76cca000 	C:\Windows\syswow64\LPK.dll
0x75780000 - 0x7581d000 	C:\Windows\syswow64\USP10.dll
0x72c80000 - 0x72e1e000 	C:\Windows\WinSxS\x86_microsoft.windows.common-controls_6595b64144ccf1df_6.0.7601.17514_none_41e6975e2bd6f2b2\COMCTL32.dll
0x76f50000 - 0x76fa7000 	C:\Windows\syswow64\SHLWAPI.dll
0x76c50000 - 0x76cb0000 	C:\Windows\system32\IMM32.DLL
0x76db0000 - 0x76e7c000 	C:\Windows\syswow64\MSCTF.dll
0x78410000 - 0x784cf000 	C:\Program Files (x86)\Java\jre7\bin\msvcr100.dll
0x6d8f0000 - 0x6dc70000 	C:\Program Files (x86)\Java\jre7\bin\client\jvm.dll
0x71030000 - 0x71037000 	C:\Windows\SysWOW64\WSOCK32.dll
0x773d0000 - 0x77405000 	C:\Windows\syswow64\WS2_32.dll
0x75830000 - 0x75836000 	C:\Windows\syswow64\NSI.dll
0x74c70000 - 0x74ca2000 	C:\Windows\SysWOW64\WINMM.dll
0x75d40000 - 0x75d45000 	C:\Windows\syswow64\PSAPI.DLL
0x6e4b0000 - 0x6e4bc000 	C:\Program Files (x86)\Java\jre7\bin\verify.dll
0x6d0b0000 - 0x6d0d0000 	C:\Program Files (x86)\Java\jre7\bin\java.dll
0x001a0000 - 0x001b3000 	C:\Program Files (x86)\Java\jre7\bin\zip.dll
0x6c1b0000 - 0x6c2f3000 	C:\Program Files (x86)\Java\jre7\bin\awt.dll
0x77340000 - 0x773cf000 	C:\Windows\syswow64\OLEAUT32.dll
0x75840000 - 0x7599c000 	C:\Windows\syswow64\ole32.dll
0x73a80000 - 0x73b00000 	C:\Windows\system32\uxtheme.dll
0x73dd0000 - 0x73de3000 	C:\Windows\SysWOW64\dwmapi.dll
0x738a0000 - 0x73a63000 	C:\Windows\system32\d3d9.dll
0x748c0000 - 0x748c9000 	C:\Windows\SysWOW64\VERSION.dll
0x73a70000 - 0x73a76000 	C:\Windows\SysWOW64\d3d8thk.dll
0x5e2f0000 - 0x5e3d6000 	C:\Windows\SysWOW64\aticfx32.dll
0x5e2e0000 - 0x5e2eb000 	C:\Windows\SysWOW64\atiu9pag.dll
0x5d6e0000 - 0x5dcde000 	C:\Windows\SysWOW64\atiumdag.dll
0x5de40000 - 0x5e2d2000 	C:\Windows\SysWOW64\atiumdva.dll
0x6c580000 - 0x6c5b9000 	C:\Program Files (x86)\Java\jre7\bin\fontmanager.dll
0x10000000 - 0x1004d000 	E:\DropBox\Dropbox\Charles Dominic\Technical\MultiWii\MultiWii_2_3\MultiWiiConf\application.windows32\jogl.dll
0x50f20000 - 0x50fe8000 	C:\Windows\SysWOW64\OPENGL32.dll
0x51090000 - 0x510b2000 	C:\Windows\SysWOW64\GLU32.dll
0x73b00000 - 0x73be7000 	C:\Windows\SysWOW64\DDRAW.dll
0x73bf0000 - 0x73bf6000 	C:\Windows\SysWOW64\DCIMAN32.dll
0x77060000 - 0x771fd000 	C:\Windows\syswow64\SETUPAPI.dll
0x76f20000 - 0x76f47000 	C:\Windows\syswow64\CFGMGR32.dll
0x756c0000 - 0x756d2000 	C:\Windows\syswow64\DEVOBJ.dll
0x51080000 - 0x51086000 	C:\Program Files (x86)\Java\jre7\bin\jawt.dll
0x00c00000 - 0x00c05000 	E:\DropBox\Dropbox\Charles Dominic\Technical\MultiWii\MultiWii_2_3\MultiWiiConf\application.windows32\jogl_awt.dll
0x51190000 - 0x51197000 	C:\Windows\SysWOW64\atiglpxx.dll
0x69030000 - 0x6a355000 	C:\Windows\SysWOW64\atioglxx.dll
0x51010000 - 0x51072000 	C:\Windows\SysWOW64\atiadlxy.dll
0x75ed0000 - 0x76b1a000 	C:\Windows\syswow64\SHELL32.dll
0x74cb0000 - 0x74cc7000 	C:\Windows\SysWOW64\USERENV.dll
0x74e60000 - 0x74e6b000 	C:\Windows\SysWOW64\profapi.dll
0x74310000 - 0x7431d000 	C:\Windows\SysWOW64\WTSAPI32.dll
0x76cd0000 - 0x76cfe000 	C:\Windows\syswow64\WINTRUST.dll
0x75bc0000 - 0x75ce0000 	C:\Windows\syswow64\CRYPT32.dll
0x76f10000 - 0x76f1c000 	C:\Windows\syswow64\MSASN1.dll
0x50ff0000 - 0x50ffb000 	C:\Windows\SysWOW64\atigktxx.dll
0x50ee0000 - 0x50ef4000 	C:\Program Files (x86)\Java\jre7\bin\net.dll
0x74eb0000 - 0x74eec000 	C:\Windows\system32\mswsock.dll
0x75400000 - 0x75406000 	C:\Windows\System32\wship6.dll
0x51000000 - 0x5100f000 	C:\Program Files (x86)\Java\jre7\bin\nio.dll
0x50eb0000 - 0x50ee0000 	C:\Program Files (x86)\Java\jre7\bin\t2k.dll
0x71080000 - 0x71096000 	E:\DropBox\Dropbox\Charles Dominic\Technical\MultiWii\MultiWii_2_3\MultiWiiConf\application.windows32\rxtxSerial.dll
0x6c790000 - 0x6c87b000 	C:\Windows\SysWOW64\dbghelp.dll

VM Arguments:
java_command: MultiWiiConf
Launcher Type: SUN_STANDARD

Environment Variables:
CLASSPATH=E:\DropBox\Dropbox\Charles Dominic\Technical\MultiWii\MultiWii_2_3\MultiWiiConf\application.windows32\lib\MultiWiiConf.jar;E:\DropBox\Dropbox\Charles Dominic\Technical\MultiWii\MultiWii_2_3\MultiWiiConf\application.windows32\lib\core.jar;E:\DropBox\Dropbox\Charles Dominic\Technical\MultiWii\MultiWii_2_3\MultiWiiConf\application.windows32\lib\RXTXcomm.jar;E:\DropBox\Dropbox\Charles Dominic\Technical\MultiWii\MultiWii_2_3\MultiWiiConf\application.windows32\lib\serial.jar;E:\DropBox\Dropbox\Charles Dominic\Technical\MultiWii\MultiWii_2_3\MultiWiiConf\application.windows32\lib\controlP5.jar;E:\DropBox\Dropbox\Charles Dominic\Technical\MultiWii\MultiWii_2_3\MultiWiiConf\application.windows32\lib\gluegen-rt.jar;E:\DropBox\Dropbox\Charles Dominic\Technical\MultiWii\MultiWii_2_3\MultiWiiConf\application.windows32\lib\jogl.jar;E:\DropBox\Dropbox\Charles Dominic\Technical\MultiWii\MultiWii_2_3\MultiWiiConf\application.windows32\lib\opengl.jar
PATH=C:\Program Files (x86)\AMD APP\bin\x86_64;C:\Program Files (x86)\NVIDIA Corporation\PhysX\Common;J:\Program Files (x86)\Microchip\mplabc30\v3.25\bin;C:\WinAVR-20100110\bin;C:\WinAVR-20100110\utils\bin;C:\Windows\system32;C:\Windows;C:\Windows\System32\Wbem;C:\Windows\System32\WindowsPowerShell\v1.0;C:\Program Files (x86)\ATI Technologies\ATI.ACE\Core-Static;J:\Program Files (x86)\Microchip\MPLAB C32 Suite\bin;C:\Program Files\Microsoft Windows Performance Toolkit;C:\Program Files (x86)\Microsoft SQL Server\100\Tools\Binn;C:\Program Files (x86)\Microsoft SQL Server\100\DTS\Binn;C:\Program Files (x86)\MATLAB\R2010bSP1\runtime\win32;C:\Program Files (x86)\MATLAB\R2010bSP1\bin;C:\Program Files (x86)\MiKTeX 2.9\miktex\bin;C:\Program Files (x86)\pstoedit;C:\Program Files (x86)\gs\gs9.06\bin;C:\Program Files (x86)\Microchip\MPLAB C32 Suite\bin
USERNAME=DROBI062
OS=Windows_NT
PROCESSOR_IDENTIFIER=AMD64 Family 16 Model 4 Stepping 2, AuthenticAMD



---------------  S Y S T E M  ---------------

OS: Windows 7 , 64 bit Build 7601 Service Pack 1

CPU:total 4 (4 cores per cpu, 1 threads per core) family 16 model 4 stepping 2, cmov, cx8, fxsr, mmx, sse, sse2, sse3, popcnt, mmxext, 3dnowpref, lzcnt, sse4a, tsc, tscinvbit, tscinv

Memory: 4k page, physical 6012684k(3374748k free), swap 12023504k(8241868k free)

vm_info: Java HotSpot(TM) Client VM (24.51-b03) for windows-x86 JRE (1.7.0_51-b13), built on Dec 18 2013 19:09:58 by "java_re" with unknown MS VC++:1600

time: Mon Mar 31 18:08:28 2014
elapsed time: 29 seconds

